{
  "RSpec": {
    "coverage": {
      "/Users/macedo/Desktop/volMe/volunteer.me/volunteerMe/app/models/organization.rb": [
        1,
        null,
        null,
        1,
        null,
        null,
        1,
        null
      ],
      "/Users/macedo/Desktop/volMe/volunteer.me/volunteerMe/app/models/volunteer.rb": [
        1,
        null,
        null,
        1,
        null,
        null,
        1,
        1,
        1,
        null
      ],
      "/Users/macedo/Desktop/volMe/volunteer.me/volunteerMe/app/helpers/application_helper.rb": [
        1,
        null
      ],
      "/Users/macedo/Desktop/volMe/volunteer.me/volunteerMe/app/helpers/organizations_helper.rb": [
        1,
        null
      ],
      "/Users/macedo/Desktop/volMe/volunteer.me/volunteerMe/app/helpers/volunteers_helper.rb": [
        1,
        null
      ],
      "/Users/macedo/Desktop/volMe/volunteer.me/volunteerMe/app/controllers/organizations_controller.rb": [
        1,
        null,
        1,
        0,
        null,
        null,
        null
      ],
      "/Users/macedo/Desktop/volMe/volunteer.me/volunteerMe/app/controllers/application_controller.rb": [
        1,
        null,
        null,
        1,
        null,
        1,
        null,
        null,
        null
      ],
      "/Users/macedo/Desktop/volMe/volunteer.me/volunteerMe/app/controllers/volunteers_controller.rb": [
        1,
        null,
        1,
        1,
        null,
        null,
        1,
        0,
        null,
        null,
        1,
        0,
        null,
        0,
        null,
        null,
        1,
        0,
        0,
        null,
        0,
        null,
        null,
        null
      ]
    },
    "timestamp": 1427500810
  }
}
