{
  "RSpec": {
    "coverage": {
      "/Users/apprentice/Desktop/volunteer.me/volunteerMe/app/helpers/application_helper.rb": [
        1,
        null
      ],
      "/Users/apprentice/Desktop/volunteer.me/volunteerMe/app/helpers/organizations_helper.rb": [
        1,
        null
      ],
      "/Users/apprentice/Desktop/volunteer.me/volunteerMe/app/helpers/volunteers_helper.rb": [
        1,
        null
      ],
      "/Users/apprentice/Desktop/volunteer.me/volunteerMe/app/controllers/organizations_controller.rb": [
        1,
        null
      ],
      "/Users/apprentice/Desktop/volunteer.me/volunteerMe/app/controllers/application_controller.rb": [
        1,
        null,
        null,
        1,
        null
      ],
      "/Users/apprentice/Desktop/volunteer.me/volunteerMe/app/controllers/volunteers_controller.rb": [
        1,
        null,
        1,
        1,
        null,
        null,
        1,
        null,
        null,
        null,
        null
      ],
      "/Users/apprentice/Desktop/volunteer.me/volunteerMe/app/models/organization.rb": [
        1,
        null
      ],
      "/Users/apprentice/Desktop/volunteer.me/volunteerMe/app/models/volunteer.rb": [
        1,
        1,
        1,
        1,
        null,
        null
      ]
    },
    "timestamp": 1427484537
  }
}
